starterPack/build/app/outputs/mapping/release/seeds.txt
com.google.photos.vision.barhopper.zzac: double zzf
com.google.crypto.tink.proto.RegistryConfig: int ENTRY_FIELD_NUMBER
com.google.crypto.tink.proto.KeysetInfo$KeyInfo: int OUTPUT_PREFIX_TYPE_FIELD_NUMBER
com.google.crypto.tink.proto.AesEaxKey: com.google.crypto.tink.shaded.protobuf.Parser PARSER
com.google.common.util.concurrent.AbstractFuture$Waiter: java.lang.Thread thread
com.google.android.gms.internal.location.zzdf: android.os.Parcelable$Creator CREATOR
androidx.window.layout.WindowMetricsCalculatorCompat: androidx.window.layout.WindowMetricsCalculatorCompat INSTANCE
com.google.android.gms.internal.mlkit_vision_barcode_bundled.zzed: com.google.android.gms.internal.mlkit_vision_barcode_bundled.zzgz zzc
com.google.android.gms.internal.mlkit_vision_barcode.zzo: android.os.Parcelable$Creator CREATOR
com.google.android.gms.internal.mlkit_vision_barcode_bundled.zzjw: com.google.android.gms.internal.mlkit_vision_barcode_bundled.zzju zzv
com.google.photos.vision.barhopper.zzr: byte zzm
com.google.barhopper.deeplearning.BarhopperV3Options: com.google.barhopper.deeplearning.zzi zze
com.google.android.gms.common.internal.ConnectionTelemetryConfiguration: android.os.Parcelable$Creator CREATOR
com.google.barhopper.deeplearning.zzc: int zzh
kotlinx.coroutines.internal.AtomicOp: java.lang.Object _consensus
com.google.crypto.tink.proto.Keyset$Key: int KEY_DATA_FIELD_NUMBER
io.flutter.plugin.platform.SingleViewPresentation: boolean startFocused
com.google.barhopper.deeplearning.zzi: float zzh
com.google.android.gms.internal.mlkit_vision_barcode_bundled.zziw: int zzk
com.google.crypto.tink.proto.KeyData: com.google.crypto.tink.shaded.protobuf.ByteString value_
com.google.android.gms.internal.mlkit_vision_barcode.zzh: android.os.Parcelable$Creator CREATOR
com.google.android.gms.internal.mlkit_vision_barcode_bundled.zzj: com.google.android.gms.internal.mlkit_vision_barcode_bundled.zzel zzf
com.google.crypto.tink.proto.EncryptedKeyset: int KEYSET_INFO_FIELD_NUMBER
com.google.android.libraries.barhopper.RecognitionOptions: boolean outputUnrecognizedBarcodes
com.google.photos.vision.barhopper.zzc: com.google.photos.vision.barhopper.zzao zzm
com.google.crypto.tink.proto.AesSivKey: com.google.crypto.tink.proto.AesSivKey DEFAULT_INSTANCE
com.google.crypto.tink.proto.AesEaxKey: int KEY_VALUE_FIELD_NUMBER
com.google.crypto.tink.proto.HmacKey: com.google.crypto.tink.proto.HmacKey DEFAULT_INSTANCE
com.google.android.gms.internal.mlkit_vision_barcode_bundled.zzit: int zzd
com.google.android.gms.internal.mlkit_vision_barcode_bundled.zzci: int zzd
com.google.crypto.tink.proto.KmsEnvelopeAeadKey: int PARAMS_FIELD_NUMBER
com.google.crypto.tink.proto.KeysetInfo$KeyInfo: int KEY_ID_FIELD_NUMBER
com.google.photos.vision.barhopper.zzp: java.lang.String zzh
com.google.android.libraries.barhopper.OnedRecognitionOptions: int codabarMinConsistentLines
androidx.window.R$styleable: int SplitPlaceholderRule_splitMinWidth
androidx.window.layout.SidecarCompat$DistinctElementCallback: java.util.concurrent.locks.ReentrantLock lock
com.google.android.gms.internal.mlkit_vision_barcode_bundled.zzht: com.google.android.gms.internal.mlkit_vision_barcode_bundled.zzji zzg
com.google.crypto.tink.proto.KeyTemplate: com.google.crypto.tink.shaded.protobuf.Parser PARSER
androidx.window.layout.WindowInfoTrackerImpl$windowLayoutInfo$1: java.lang.Object L$1
androidx.window.layout.SidecarCompat$DistinctSidecarElementCallback: java.util.WeakHashMap mActivityWindowLayoutInfo
androidx.lifecycle.Lifecycle$Event: androidx.lifecycle.Lifecycle$Event ON_RESUME
com.google.android.gms.internal.mlkit_vision_barcode_bundled.zzhv: com.google.android.gms.internal.mlkit_vision_barcode_bundled.zzhv zza
com.google.crypto.tink.proto.HmacParams: int tagSize_
com.google.barhopper.deeplearning.zzn: com.google.android.gms.internal.mlkit_vision_barcode_bundled.zzdb zzf
com.google.android.gms.internal.mlkit_vision_barcode_bundled.zzci: int zze