starterPack/build/app/outputs/mapping/release/mapping.txt
# compiler: R8
# compiler_version: 3.3.70
# min_api: 21
# common_typos_disable
# {"id":"com.android.tools.r8.mapping","version":"2.0"}
# pg_map_id: c2fd17f
# pg_map_hash: SHA-256 c2fd17f48dd551f0c3da8bc2e3c09580e769eb0712cc0229f3bed97e6781bc7d
...
com.google.crypto.tink.shaded.protobuf.SmallSortedMap$EmptySet$2 -> com.google.crypto.tink.shaded.protobuf.j1$d$b:
com.google.crypto.tink.shaded.protobuf.SmallSortedMap$Entry -> com.google.crypto.tink.shaded.protobuf.j1$e:
    java.lang.Object value -> e
    com.google.crypto.tink.shaded.protobuf.SmallSortedMap this$0 -> f
    java.lang.Comparable key -> d
    int compareTo(com.google.crypto.tink.shaded.protobuf.SmallSortedMap$Entry) -> a
    boolean equals(java.lang.Object,java.lang.Object) -> g
    java.lang.Comparable getKey() -> i
com.google.crypto.tink.shaded.protobuf.SmallSortedMap$EntryIterator -> com.google.crypto.tink.shaded.protobuf.j1$f:
    java.util.Iterator lazyOverflowIterator -> f
    boolean nextCalledBeforeRemove -> e
    int pos -> d
    com.google.crypto.tink.shaded.protobuf.SmallSortedMap this$0 -> g
    java.util.Iterator getOverflowIterator() -> b
    java.util.Map$Entry next() -> c
com.google.crypto.tink.shaded.protobuf.SmallSortedMap$EntrySet -> com.google.crypto.tink.shaded.protobuf.j1$g:
    com.google.crypto.tink.shaded.protobuf.SmallSortedMap this$0 -> d
    boolean add(java.util.Map$Entry) -> n
com.google.crypto.tink.shaded.protobuf.StructuralMessageInfo -> com.google.crypto.tink.shaded.protobuf.k1:
    com.google.crypto.tink.shaded.protobuf.ProtoSyntax syntax -> a
    com.google.crypto.tink.shaded.protobuf.MessageLite defaultInstance -> e
    int[] checkInitialized -> c
    com.google.crypto.tink.shaded.protobuf.FieldInfo[] fields -> d
    boolean messageSetWireFormat -> b
    boolean isMessageSetWireFormat() -> a
    com.google.crypto.tink.shaded.protobuf.ProtoSyntax getSyntax() -> b
    com.google.crypto.tink.shaded.protobuf.MessageLite getDefaultInstance() -> c
    int[] getCheckInitialized() -> d
    com.google.crypto.tink.shaded.protobuf.FieldInfo[] getFields() -> e
com.google.crypto.tink.shaded.protobuf.TextFormatEscaper -> com.google.crypto.tink.shaded.protobuf.l1:
    java.lang.String escapeBytes(com.google.crypto.tink.shaded.protobuf.ByteString) -> a
    java.lang.String escapeBytes(com.google.crypto.tink.shaded.protobuf.TextFormatEscaper$ByteSequence) -> b
    java.lang.String escapeText(java.lang.String) -> c
com.google.crypto.tink.shaded.protobuf.TextFormatEscaper$1 -> com.google.crypto.tink.shaded.protobuf.l1$a:
    com.google.crypto.tink.shaded.protobuf.ByteString val$input -> a
    byte byteAt(int) -> a
com.google.crypto.tink.shaded.protobuf.TextFormatEscaper$ByteSequence -> com.google.crypto.tink.shaded.protobuf.l1$b:
    byte byteAt(int) -> a
com.google.crypto.tink.shaded.protobuf.UninitializedMessageException -> com.google.crypto.tink.shaded.protobuf.m1:
    java.util.List missingFields -> d
    com.google.crypto.tink.shaded.protobuf.InvalidProtocolBufferException asInvalidProtocolBufferException() -> a